{"C:\\Users\\sampa\\Desktop\\reactapps-practice\\LanguageTranslator\\my-react-app\\src\\Header.jsx": {"path":"C:\\Users\\sampa\\Desktop\\reactapps-practice\\LanguageTranslator\\my-react-app\\src\\Header.jsx","statementMap":{},"fnMap":{"0":{"name":"Header","decl":{"start":{"line":1,"column":16},"end":{"line":1,"column":23}},"loc":{"start":{"line":1,"column":29},"end":{"line":5,"column":null}},"line":1}},"branchMap":{"0":{"loc":{"start":{"line":3,"column":41},"end":{"line":3,"column":null}},"type":"cond-expr","locations":[{"start":{"line":3,"column":46},"end":{"line":3,"column":51}},{"start":{"line":3,"column":51},"end":{"line":3,"column":null}}],"line":3}},"s":{},"f":{"0":1},"b":{"0":[1,0]},"meta":{"lastBranch":1,"lastFunction":1,"lastStatement":0,"seen":{"f:1:16:1:23":0,"b:3:46:3:51:3:51:3:Infinity":0}}}
,"C:\\Users\\sampa\\Desktop\\reactapps-practice\\LanguageTranslator\\my-react-app\\src\\SearchComponent.jsx": {"path":"C:\\Users\\sampa\\Desktop\\reactapps-practice\\LanguageTranslator\\my-react-app\\src\\SearchComponent.jsx","statementMap":{"0":{"start":{"line":9,"column":80},"end":{"line":9,"column":103}},"1":{"start":{"line":13,"column":54},"end":{"line":13,"column":89}}},"fnMap":{"0":{"name":"SearchComponent","decl":{"start":{"line":2,"column":16},"end":{"line":2,"column":32}},"loc":{"start":{"line":2,"column":83},"end":{"line":21,"column":null}},"line":2},"1":{"name":"(anonymous_1)","decl":{"start":{"line":9,"column":74},"end":{"line":9,"column":75}},"loc":{"start":{"line":9,"column":75},"end":{"line":9,"column":null}},"line":9},"2":{"name":"(anonymous_2)","decl":{"start":{"line":13,"column":48},"end":{"line":13,"column":49}},"loc":{"start":{"line":13,"column":49},"end":{"line":13,"column":92}},"line":13}},"branchMap":{},"s":{"0":1,"1":1},"f":{"0":2,"1":1,"2":1},"b":{},"meta":{"lastBranch":0,"lastFunction":3,"lastStatement":2,"seen":{"f:2:16:2:32":0,"f:9:74:9:75":1,"s:9:80:9:103":0,"f:13:48:13:49":2,"s:13:54:13:89":1}}}
,"C:\\Users\\sampa\\Desktop\\reactapps-practice\\LanguageTranslator\\my-react-app\\src\\ContextStore\\Reducers.js": {"path":"C:\\Users\\sampa\\Desktop\\reactapps-practice\\LanguageTranslator\\my-react-app\\src\\ContextStore\\Reducers.js","statementMap":{"0":{"start":{"line":2,"column":36},"end":{"line":6,"column":1}},"1":{"start":{"line":7,"column":31},"end":{"line":18,"column":1}},"2":{"start":{"line":8,"column":4},"end":{"line":17,"column":5}},"3":{"start":{"line":10,"column":12},"end":{"line":10,"column":53}},"4":{"start":{"line":12,"column":12},"end":{"line":12,"column":80}},"5":{"start":{"line":14,"column":12},"end":{"line":14,"column":77}},"6":{"start":{"line":16,"column":12},"end":{"line":16,"column":29}},"7":{"start":{"line":20,"column":38},"end":{"line":20,"column":null}}},"fnMap":{"0":{"name":"(anonymous_0)","decl":{"start":{"line":7,"column":31},"end":{"line":7,"column":32}},"loc":{"start":{"line":7,"column":47},"end":{"line":18,"column":1}},"line":7}},"branchMap":{"0":{"loc":{"start":{"line":8,"column":4},"end":{"line":17,"column":5}},"type":"switch","locations":[{"start":{"line":9,"column":8},"end":{"line":10,"column":53}},{"start":{"line":11,"column":8},"end":{"line":12,"column":80}},{"start":{"line":13,"column":8},"end":{"line":14,"column":77}},{"start":{"line":15,"column":8},"end":{"line":16,"column":29}}],"line":8}},"s":{"0":1,"1":1,"2":2,"3":1,"4":1,"5":0,"6":0,"7":1},"f":{"0":2},"b":{"0":[1,1,0,0]},"meta":{"lastBranch":1,"lastFunction":1,"lastStatement":8,"seen":{"s:2:36:6:1":0,"s:7:31:18:1":1,"f:7:31:7:32":0,"b:9:8:10:53:11:8:12:80:13:8:14:77:15:8:16:29":0,"s:8:4:17:5":2,"s:10:12:10:53":3,"s:12:12:12:80":4,"s:14:12:14:77":5,"s:16:12:16:29":6,"s:20:38:20:Infinity":7}}}
}
